
   Program  MARK  - Survival Rate Estimation with Capture-Recapture Data
   gfortran(dble) Vers. 9.0 Jan 2019  26-Jan-2024 15:50:48    Page  001
    
 - - - - - - - - - - - - - - - - - - - - - - - - - - - - - - - - - - - - - -
 
   Welcome to MARK justin.r.clarke on machine AG0260202-10557 in subdirectory 
   "C:\Users\justin.r.clarke\Documents\Git\MTORG-Nesting" running file "mark001.inp".
   This version was compiled by GCC version 11.2.0 using the options: 
     -cpp -iprefix c:\tdm-gcc-64\mingw64\bin\../lib/gcc/x86_64-w64-mingw32/11.2.0/
     -D_MT -D_REENTRANT -U_REENTRANT -D IEEE -D DBLEPRECISION -m64 -mtune=generic
     -march=x86-64 -mthreads -O2 -std=f2018 -fimplicit-none -fbounds-check
     -funroll-loops -ftree-vectorize -ffpe-summary=invalid,zero,overflow,underflow
     -fno-unsafe-math-optimizations -frounding-math -fsignaling-nans -flto
     -fall-intrinsics -fopenmp.

   This problem will use 7 of 8 possible threads.


  INPUT --- proc title ;

   CPU Time for the last procedure was 0.01 seconds.     


  INPUT --- proc chmatrix occasions= 70 groups= 3 etype= Nest Nodes= 
  INPUT --- 101 icovar = 70 ICMeans  NoHist hist= 76 ;

  INPUT ---    time interval 1 1 1 1 1 1 1 1 1 1 1 1 1 1 1 1 1 1 1 1 1 1 1 
  INPUT ---    1 1 1 1 1 1 1 1 1 1  1 1 1 1 1 1 1 1 1 1 1 1 1 1 1 1 1 1 1 
  INPUT ---    1 1 1 1 1 1 1 1 1 1 1 1 1 1 1 1 1 1 ;

  INPUT ---     icovariates NestAge1  NestAge2 NestAge3 NestAge4 NestAge5 
  INPUT ---    NestAge6 NestAge7 NestAge8 NestAge9 NestAge10 NestAge11  
  INPUT ---    NestAge12 NestAge13 NestAge14 NestAge15 NestAge16 NestAge17 
  INPUT ---    NestAge18 NestAge19 NestAge20  NestAge21 NestAge22 
  INPUT ---    NestAge23 NestAge24 NestAge25 NestAge26 NestAge27 NestAge28 
  INPUT ---    NestAge29  NestAge30 NestAge31 NestAge32 NestAge33 
  INPUT ---    NestAge34 NestAge35 NestAge36 NestAge37 NestAge38  
  INPUT ---    NestAge39 NestAge40 NestAge41 NestAge42 NestAge43 NestAge44 
  INPUT ---    NestAge45 NestAge46 NestAge47  NestAge48 NestAge49 
  INPUT ---    NestAge50 NestAge51 NestAge52 NestAge53 NestAge54 NestAge55 
  INPUT ---    NestAge56  NestAge57 NestAge58 NestAge59 NestAge60 
  INPUT ---    NestAge61 NestAge62 NestAge63 NestAge64 NestAge65  
  INPUT ---    NestAge66 NestAge67 NestAge68 NestAge69 Bare ;

  INPUT ---    glabel(1)=Year2021;

  INPUT ---    glabel(2)=Year2022;

  INPUT ---    glabel(3)=Year2023;

  Program  MARK  - Survival Rate Estimation with Capture-Recapture Data
   gfortran(dble) Vers. 9.0 Jan 2019  26-Jan-2024 15:50:48    Page  002
 - - - - - - - - - - - - - - - - - - - - - - - - - - - - - - - - - - - - - -
 

      Number of unique encounter histories read was 76.

      Number of individual covariates read was 70.
      Time interval lengths are all equal to 1.

      Data type number is 24
      Data type is Nest Success

   CPU Time for the last procedure was 0.02 seconds.     


  INPUT --- proc estimate link=Logit NOLOOP varest=2ndPart    ;


  INPUT --- model={ S(~1 + Year + NestAge + Bare) };

  INPUT ---    group=1 S    rows=1 cols=69 Square ;
  INPUT ---        1 2 3 4 5 6 7 8 9 10 11 12 13 14 15 16 17 18 19 20 21 22 
  INPUT ---       23 24 25 26 27 28 29 30 31 32 33 34 35 36 37 38 39 40 41 42 
  INPUT ---       43 44 45 46 47 48 49 50 51 52 53 54 55 56 57 58 59 60 61 62 
  INPUT ---       63 64 65 66 67 68 69 ;

  INPUT ---    group=2 S    rows=1 cols=69 Square ;
  INPUT ---        70 71 72 73 74 75 76 77 78 79 80 81 82 83 84 85 86 87 88 
  INPUT ---       89 90 91 92 93 94 95 96 97 98 99 100 101 102 103 104 105 
  INPUT ---       106 107 108 109 110 111 112 113 114 115 116 117 118 119 120 
  INPUT ---       121 122 123 124 125 126 127 128 129 130 131 132 133 134 135 
  INPUT ---       136 137 138 ;

  INPUT ---    group=3 S    rows=1 cols=69 Square ;
  INPUT ---        139 140 141 142 143 144 145 146 147 148 149 150 151 152 
  INPUT ---       153 154 155 156 157 158 159 160 161 162 163 164 165 166 167 
  INPUT ---       168 169 170 171 172 173 174 175 176 177 178 179 180 181 182 
  INPUT ---       183 184 185 186 187 188 189 190 191 192 193 194 195 196 197 
  INPUT ---       198 199 200 201 202 203 204 205 206 207 ;

  INPUT ---    design matrix constraints=207 covariates=5;
  INPUT ---        1 0 0 NestAge1 Bare;
  INPUT ---        1 0 0 NestAge2 Bare;
  INPUT ---        1 0 0 NestAge3 Bare;
  INPUT ---        1 0 0 NestAge4 Bare;
  INPUT ---        1 0 0 NestAge5 Bare;
  INPUT ---        1 0 0 NestAge6 Bare;
  INPUT ---        1 0 0 NestAge7 Bare;
  INPUT ---        1 0 0 NestAge8 Bare;
  INPUT ---        1 0 0 NestAge9 Bare;

  Program  MARK  - Survival Rate Estimation with Capture-Recapture Data
   gfortran(dble) Vers. 9.0 Jan 2019  26-Jan-2024 15:50:48    Page  003
 - - - - - - - - - - - - - - - - - - - - - - - - - - - - - - - - - - - - - -
 
  INPUT ---        1 0 0 NestAge10 Bare;
  INPUT ---        1 0 0 NestAge11 Bare;
  INPUT ---        1 0 0 NestAge12 Bare;
  INPUT ---        1 0 0 NestAge13 Bare;
  INPUT ---        1 0 0 NestAge14 Bare;
  INPUT ---        1 0 0 NestAge15 Bare;
  INPUT ---        1 0 0 NestAge16 Bare;
  INPUT ---        1 0 0 NestAge17 Bare;
  INPUT ---        1 0 0 NestAge18 Bare;
  INPUT ---        1 0 0 NestAge19 Bare;
  INPUT ---        1 0 0 NestAge20 Bare;
  INPUT ---        1 0 0 NestAge21 Bare;
  INPUT ---        1 0 0 NestAge22 Bare;
